2025-08-30 21:24:55 | INFO | utils_kristinesteele:48 | Logger loaded.
2025-08-30 21:24:55 | INFO | __main__:36 | Logger loaded.
2025-08-30 21:24:55.858 | INFO     | __main__:<module>:36 - Logger loaded.
2025-08-30 21:24:55 | INFO | __main__:196 | #####################################
2025-08-30 21:24:55.859 | INFO     | __main__:main:196 - #####################################
2025-08-30 21:24:55 | INFO | __main__:197 | # Starting execution of main()
2025-08-30 21:24:55.859 | INFO     | __main__:main:197 - # Starting execution of main()
2025-08-30 21:24:55 | INFO | __main__:198 | #####################################

2025-08-30 21:24:55.859 | INFO     | __main__:main:198 - #####################################

2025-08-30 21:37:35 | INFO | utils_kristinesteele:48 | Logger loaded.
2025-08-30 21:37:35 | INFO | __main__:36 | Logger loaded.
2025-08-30 21:37:35.310 | INFO     | __main__:<module>:36 - Logger loaded.
2025-08-30 21:37:35 | INFO | __main__:196 | #####################################
2025-08-30 21:37:35.310 | INFO     | __main__:main:196 - #####################################
2025-08-30 21:37:35 | INFO | __main__:197 | # Starting execution of main()
2025-08-30 21:37:35.311 | INFO     | __main__:main:197 - # Starting execution of main()
2025-08-30 21:37:35 | INFO | __main__:198 | #####################################

2025-08-30 21:37:35.311 | INFO     | __main__:main:198 - #####################################

2025-08-30 21:37:35 | INFO | __main__:201 | Byline: 
**********************************************************
DataLight — Project Header
**********************************************************
Author:                     Kristine Steele
Motto:                      Clean and Precise, From Data to Advice.
Location:                   Lees Summit, Missouri
Office Locations:           ['Lenexa', 'Leawood', 'Overland Park', 'Kansas City', 'Olathe']
Count of Locations:         5
Years Active:               5
Number of Employees:        25
Accepting New Clients?:     True
Remote Workshops?:          True
Services:                   ['Data Analysis', 'Machine Learning', 'Business Intelligence']
Client Satisfaction Scores: [4.8, 4.6, 4.9, 5.0, 4.7]
Minimum Satisfaction Score: 4.6
Maximum Satisfaction Score: 5.0
Mean Satisfaction Score:    4.80
     Standard Deviation:    0.16
**********************************************************

2025-08-30 21:37:35.311 | INFO     | __main__:main:201 - Byline: 
**********************************************************
DataLight — Project Header
**********************************************************
Author:                     Kristine Steele
Motto:                      Clean and Precise, From Data to Advice.
Location:                   Lees Summit, Missouri
Office Locations:           ['Lenexa', 'Leawood', 'Overland Park', 'Kansas City', 'Olathe']
Count of Locations:         5
Years Active:               5
Number of Employees:        25
Accepting New Clients?:     True
Remote Workshops?:          True
Services:                   ['Data Analysis', 'Machine Learning', 'Business Intelligence']
Client Satisfaction Scores: [4.8, 4.6, 4.9, 5.0, 4.7]
Minimum Satisfaction Score: 4.6
Maximum Satisfaction Score: 5.0
Mean Satisfaction Score:    4.80
     Standard Deviation:    0.16
**********************************************************

2025-08-30 21:37:35 | INFO | __main__:72 | FUNCTION: create_folders_for_range()
2025-08-30 21:37:35.311 | INFO     | __main__:create_folders_for_range:72 - FUNCTION: create_folders_for_range()
2025-08-30 21:37:35 | INFO | __main__:73 | PARAMETERS: start_year = 2020, end_year = 2023
2025-08-30 21:37:35.312 | INFO     | __main__:create_folders_for_range:73 - PARAMETERS: start_year = 2020, end_year = 2023
2025-08-30 21:37:35 | INFO | __main__:104 | FUNCTION: create_folders_from_list()
2025-08-30 21:37:35.312 | INFO     | __main__:create_folders_from_list:104 - FUNCTION: create_folders_from_list()
2025-08-30 21:37:35 | INFO | __main__:105 | PARAMETER: folder_list = ['data-csv', 'data-excel', 'data-json']
2025-08-30 21:37:35.312 | INFO     | __main__:create_folders_from_list:105 - PARAMETER: folder_list = ['data-csv', 'data-excel', 'data-json']
2025-08-30 21:37:35 | INFO | __main__:133 | FUNCTION: create_prefixed_folders()
2025-08-30 21:37:35.312 | INFO     | __main__:create_prefixed_folders_using_list_comprehension:133 - FUNCTION: create_prefixed_folders()
2025-08-30 21:37:35 | INFO | __main__:134 | PARAMETERS: folder_list = ['csv', 'excel', 'json'], prefix = output-
2025-08-30 21:37:35.312 | INFO     | __main__:create_prefixed_folders_using_list_comprehension:134 - PARAMETERS: folder_list = ['csv', 'excel', 'json'], prefix = output-
2025-08-30 21:37:35 | INFO | __main__:156 | FUNCTION: create_folders_periodically()
2025-08-30 21:37:35.312 | INFO     | __main__:create_folders_periodically:156 - FUNCTION: create_folders_periodically()
2025-08-30 21:37:35 | INFO | __main__:157 | PARAMETER: duration_seconds = 5
2025-08-30 21:37:35.312 | INFO     | __main__:create_folders_periodically:157 - PARAMETER: duration_seconds = 5
2025-08-30 21:37:35 | INFO | __main__:184 | FUNCTION: create_standardized_folders()
2025-08-30 21:37:35.313 | INFO     | __main__:create_standardized_folders:184 - FUNCTION: create_standardized_folders()
2025-08-30 21:37:35 | INFO | __main__:185 | PARAMETERS: folder_list = ['North America', 'South America', 'Europe', 'Asia', 'Africa', 'Oceania', 'Middle East'], to_lowercase = True, remove_spaces = True
2025-08-30 21:37:35.313 | INFO     | __main__:create_standardized_folders:185 - PARAMETERS: folder_list = ['North America', 'South America', 'Europe', 'Asia', 'Africa', 'Oceania', 'Middle East'], to_lowercase = True, remove_spaces = True
2025-08-30 21:37:35 | INFO | __main__:222 | 
#####################################
2025-08-30 21:37:35.313 | INFO     | __main__:main:222 - 
#####################################
2025-08-30 21:37:35 | INFO | __main__:223 | # Completed execution of main()
2025-08-30 21:37:35.313 | INFO     | __main__:main:223 - # Completed execution of main()
2025-08-30 21:37:35 | INFO | __main__:224 | #####################################
2025-08-30 21:37:35.314 | INFO     | __main__:main:224 - #####################################
2025-08-30 21:43:14 | INFO | utils_kristinesteele:48 | Logger loaded.
2025-08-30 21:43:14 | INFO | __main__:35 | Logger loaded.
2025-08-30 21:43:14.785 | INFO     | __main__:<module>:35 - Logger loaded.
2025-08-30 21:43:14 | INFO | __main__:189 | #####################################
2025-08-30 21:43:14.786 | INFO     | __main__:main:189 - #####################################
2025-08-30 21:43:14 | INFO | __main__:190 | # Starting execution of main()
2025-08-30 21:43:14.786 | INFO     | __main__:main:190 - # Starting execution of main()
2025-08-30 21:43:14 | INFO | __main__:191 | #####################################

2025-08-30 21:43:14.786 | INFO     | __main__:main:191 - #####################################

2025-08-30 21:43:14 | INFO | __main__:192 | Byline: 
**********************************************************
DataLight — Project Header
**********************************************************
Author:                     Kristine Steele
Motto:                      Clean and Precise, From Data to Advice.
Location:                   Lees Summit, Missouri
Office Locations:           ['Lenexa', 'Leawood', 'Overland Park', 'Kansas City', 'Olathe']
Count of Locations:         5
Years Active:               5
Number of Employees:        25
Accepting New Clients?:     True
Remote Workshops?:          True
Services:                   ['Data Analysis', 'Machine Learning', 'Business Intelligence']
Client Satisfaction Scores: [4.8, 4.6, 4.9, 5.0, 4.7]
Minimum Satisfaction Score: 4.6
Maximum Satisfaction Score: 5.0
Mean Satisfaction Score:    4.80
     Standard Deviation:    0.16
**********************************************************

2025-08-30 21:43:14.786 | INFO     | __main__:main:192 - Byline: 
**********************************************************
DataLight — Project Header
**********************************************************
Author:                     Kristine Steele
Motto:                      Clean and Precise, From Data to Advice.
Location:                   Lees Summit, Missouri
Office Locations:           ['Lenexa', 'Leawood', 'Overland Park', 'Kansas City', 'Olathe']
Count of Locations:         5
Years Active:               5
Number of Employees:        25
Accepting New Clients?:     True
Remote Workshops?:          True
Services:                   ['Data Analysis', 'Machine Learning', 'Business Intelligence']
Client Satisfaction Scores: [4.8, 4.6, 4.9, 5.0, 4.7]
Minimum Satisfaction Score: 4.6
Maximum Satisfaction Score: 5.0
Mean Satisfaction Score:    4.80
     Standard Deviation:    0.16
**********************************************************

2025-08-30 21:43:14 | INFO | __main__:71 | FUNCTION: create_folders_for_range()
2025-08-30 21:43:14.787 | INFO     | __main__:create_folders_for_range:71 - FUNCTION: create_folders_for_range()
2025-08-30 21:43:14 | INFO | __main__:72 | PARAMETERS: start_year = 2020, end_year = 2023
2025-08-30 21:43:14.787 | INFO     | __main__:create_folders_for_range:72 - PARAMETERS: start_year = 2020, end_year = 2023
2025-08-30 21:43:14 | INFO | __main__:77 | Created folder: C:\Repos\datafun-02-automation\2020
2025-08-30 21:43:14.788 | INFO     | __main__:create_folders_for_range:77 - Created folder: C:\Repos\datafun-02-automation\2020
2025-08-30 21:43:14 | INFO | __main__:77 | Created folder: C:\Repos\datafun-02-automation\2021
2025-08-30 21:43:14.789 | INFO     | __main__:create_folders_for_range:77 - Created folder: C:\Repos\datafun-02-automation\2021
2025-08-30 21:43:14 | INFO | __main__:77 | Created folder: C:\Repos\datafun-02-automation\2022
2025-08-30 21:43:14.790 | INFO     | __main__:create_folders_for_range:77 - Created folder: C:\Repos\datafun-02-automation\2022
2025-08-30 21:43:14 | INFO | __main__:77 | Created folder: C:\Repos\datafun-02-automation\2023
2025-08-30 21:43:14.791 | INFO     | __main__:create_folders_for_range:77 - Created folder: C:\Repos\datafun-02-automation\2023
2025-08-30 21:43:14 | INFO | __main__:97 | FUNCTION: create_folders_from_list()
2025-08-30 21:43:14.791 | INFO     | __main__:create_folders_from_list:97 - FUNCTION: create_folders_from_list()
2025-08-30 21:43:14 | INFO | __main__:98 | PARAMETER: folder_list = ['data-csv', 'data-excel', 'data-json']
2025-08-30 21:43:14.792 | INFO     | __main__:create_folders_from_list:98 - PARAMETER: folder_list = ['data-csv', 'data-excel', 'data-json']
2025-08-30 21:43:14 | INFO | __main__:126 | FUNCTION: create_prefixed_folders()
2025-08-30 21:43:14.792 | INFO     | __main__:create_prefixed_folders_using_list_comprehension:126 - FUNCTION: create_prefixed_folders()
2025-08-30 21:43:14 | INFO | __main__:127 | PARAMETERS: folder_list = ['csv', 'excel', 'json'], prefix = output-
2025-08-30 21:43:14.793 | INFO     | __main__:create_prefixed_folders_using_list_comprehension:127 - PARAMETERS: folder_list = ['csv', 'excel', 'json'], prefix = output-
2025-08-30 21:43:14 | INFO | __main__:149 | FUNCTION: create_folders_periodically()
2025-08-30 21:43:14.793 | INFO     | __main__:create_folders_periodically:149 - FUNCTION: create_folders_periodically()
2025-08-30 21:43:14 | INFO | __main__:150 | PARAMETER: duration_seconds = 5
2025-08-30 21:43:14.793 | INFO     | __main__:create_folders_periodically:150 - PARAMETER: duration_seconds = 5
2025-08-30 21:43:14 | INFO | __main__:177 | FUNCTION: create_standardized_folders()
2025-08-30 21:43:14.793 | INFO     | __main__:create_standardized_folders:177 - FUNCTION: create_standardized_folders()
2025-08-30 21:43:14 | INFO | __main__:178 | PARAMETERS: folder_list = ['North America', 'South America', 'Europe', 'Asia', 'Africa', 'Oceania', 'Middle East'], to_lowercase = True, remove_spaces = True
2025-08-30 21:43:14.793 | INFO     | __main__:create_standardized_folders:178 - PARAMETERS: folder_list = ['North America', 'South America', 'Europe', 'Asia', 'Africa', 'Oceania', 'Middle East'], to_lowercase = True, remove_spaces = True
2025-08-30 21:43:14 | INFO | __main__:213 | 
#####################################
2025-08-30 21:43:14.794 | INFO     | __main__:main:213 - 
#####################################
2025-08-30 21:43:14 | INFO | __main__:214 | # Completed execution of main()
2025-08-30 21:43:14.794 | INFO     | __main__:main:214 - # Completed execution of main()
2025-08-30 21:43:14 | INFO | __main__:215 | #####################################
2025-08-30 21:43:14.794 | INFO     | __main__:main:215 - #####################################
2025-08-30 22:06:55 | INFO | utils_kristinesteele:48 | Logger loaded.
2025-08-30 22:06:55 | INFO | __main__:35 | Logger loaded.
2025-08-30 22:06:55.766 | INFO     | __main__:<module>:35 - Logger loaded.
2025-08-30 22:06:55 | INFO | __main__:188 | #####################################
2025-08-30 22:06:55.767 | INFO     | __main__:main:188 - #####################################
2025-08-30 22:06:55 | INFO | __main__:189 | # Starting execution of main()
2025-08-30 22:06:55.767 | INFO     | __main__:main:189 - # Starting execution of main()
2025-08-30 22:06:55 | INFO | __main__:190 | #####################################

2025-08-30 22:06:55.767 | INFO     | __main__:main:190 - #####################################

2025-08-30 22:06:55 | INFO | __main__:191 | Byline: 
**********************************************************
DataLight — Project Header
**********************************************************
Author:                     Kristine Steele
Motto:                      Clean and Precise, From Data to Advice.
Location:                   Lees Summit, Missouri
Office Locations:           ['Lenexa', 'Leawood', 'Overland Park', 'Kansas City', 'Olathe']
Count of Locations:         5
Years Active:               5
Number of Employees:        25
Accepting New Clients?:     True
Remote Workshops?:          True
Services:                   ['Data Analysis', 'Machine Learning', 'Business Intelligence']
Client Satisfaction Scores: [4.8, 4.6, 4.9, 5.0, 4.7]
Minimum Satisfaction Score: 4.6
Maximum Satisfaction Score: 5.0
Mean Satisfaction Score:    4.80
     Standard Deviation:    0.16
**********************************************************

2025-08-30 22:06:55.767 | INFO     | __main__:main:191 - Byline: 
**********************************************************
DataLight — Project Header
**********************************************************
Author:                     Kristine Steele
Motto:                      Clean and Precise, From Data to Advice.
Location:                   Lees Summit, Missouri
Office Locations:           ['Lenexa', 'Leawood', 'Overland Park', 'Kansas City', 'Olathe']
Count of Locations:         5
Years Active:               5
Number of Employees:        25
Accepting New Clients?:     True
Remote Workshops?:          True
Services:                   ['Data Analysis', 'Machine Learning', 'Business Intelligence']
Client Satisfaction Scores: [4.8, 4.6, 4.9, 5.0, 4.7]
Minimum Satisfaction Score: 4.6
Maximum Satisfaction Score: 5.0
Mean Satisfaction Score:    4.80
     Standard Deviation:    0.16
**********************************************************

2025-08-30 22:06:55 | INFO | __main__:71 | FUNCTION: create_folders_for_range()
2025-08-30 22:06:55.768 | INFO     | __main__:create_folders_for_range:71 - FUNCTION: create_folders_for_range()
2025-08-30 22:06:55 | INFO | __main__:72 | PARAMETERS: start_year = 2020, end_year = 2023
2025-08-30 22:06:55.768 | INFO     | __main__:create_folders_for_range:72 - PARAMETERS: start_year = 2020, end_year = 2023
2025-08-30 22:06:55 | INFO | __main__:77 | Created folder: C:\Repos\datafun-02-automation\2020
2025-08-30 22:06:55.768 | INFO     | __main__:create_folders_for_range:77 - Created folder: C:\Repos\datafun-02-automation\2020
2025-08-30 22:06:55 | INFO | __main__:77 | Created folder: C:\Repos\datafun-02-automation\2021
2025-08-30 22:06:55.769 | INFO     | __main__:create_folders_for_range:77 - Created folder: C:\Repos\datafun-02-automation\2021
2025-08-30 22:06:55 | INFO | __main__:77 | Created folder: C:\Repos\datafun-02-automation\2022
2025-08-30 22:06:55.769 | INFO     | __main__:create_folders_for_range:77 - Created folder: C:\Repos\datafun-02-automation\2022
2025-08-30 22:06:55 | INFO | __main__:77 | Created folder: C:\Repos\datafun-02-automation\2023
2025-08-30 22:06:55.770 | INFO     | __main__:create_folders_for_range:77 - Created folder: C:\Repos\datafun-02-automation\2023
2025-08-30 22:06:55 | INFO | __main__:97 | FUNCTION: create_folders_from_list()
2025-08-30 22:06:55.771 | INFO     | __main__:create_folders_from_list:97 - FUNCTION: create_folders_from_list()
2025-08-30 22:06:55 | INFO | __main__:98 | PARAMETER: folder_list = ['data-csv', 'data-excel', 'data-json']
2025-08-30 22:06:55.771 | INFO     | __main__:create_folders_from_list:98 - PARAMETER: folder_list = ['data-csv', 'data-excel', 'data-json']
2025-08-30 22:06:55 | INFO | __main__:103 | Created folder: C:\Repos\datafun-02-automation\data-csv
2025-08-30 22:06:55.773 | INFO     | __main__:create_folders_from_list:103 - Created folder: C:\Repos\datafun-02-automation\data-csv
2025-08-30 22:06:55 | INFO | __main__:103 | Created folder: C:\Repos\datafun-02-automation\data-excel
2025-08-30 22:06:55.774 | INFO     | __main__:create_folders_from_list:103 - Created folder: C:\Repos\datafun-02-automation\data-excel
2025-08-30 22:06:55 | INFO | __main__:103 | Created folder: C:\Repos\datafun-02-automation\data-json
2025-08-30 22:06:55.775 | INFO     | __main__:create_folders_from_list:103 - Created folder: C:\Repos\datafun-02-automation\data-json
2025-08-30 22:06:55 | INFO | __main__:125 | FUNCTION: create_prefixed_folders()
2025-08-30 22:06:55.776 | INFO     | __main__:create_prefixed_folders_using_list_comprehension:125 - FUNCTION: create_prefixed_folders()
2025-08-30 22:06:55 | INFO | __main__:126 | PARAMETERS: folder_list = ['csv', 'excel', 'json'], prefix = output-
2025-08-30 22:06:55.776 | INFO     | __main__:create_prefixed_folders_using_list_comprehension:126 - PARAMETERS: folder_list = ['csv', 'excel', 'json'], prefix = output-
2025-08-30 22:06:55 | INFO | __main__:148 | FUNCTION: create_folders_periodically()
2025-08-30 22:06:55.776 | INFO     | __main__:create_folders_periodically:148 - FUNCTION: create_folders_periodically()
2025-08-30 22:06:55 | INFO | __main__:149 | PARAMETER: duration_seconds = 5
2025-08-30 22:06:55.777 | INFO     | __main__:create_folders_periodically:149 - PARAMETER: duration_seconds = 5
2025-08-30 22:06:55 | INFO | __main__:176 | FUNCTION: create_standardized_folders()
2025-08-30 22:06:55.778 | INFO     | __main__:create_standardized_folders:176 - FUNCTION: create_standardized_folders()
2025-08-30 22:06:55 | INFO | __main__:177 | PARAMETERS: folder_list = ['North America', 'South America', 'Europe', 'Asia', 'Africa', 'Oceania', 'Middle East'], to_lowercase = True, remove_spaces = True
2025-08-30 22:06:55.779 | INFO     | __main__:create_standardized_folders:177 - PARAMETERS: folder_list = ['North America', 'South America', 'Europe', 'Asia', 'Africa', 'Oceania', 'Middle East'], to_lowercase = True, remove_spaces = True
2025-08-30 22:06:55 | INFO | __main__:212 | 
#####################################
2025-08-30 22:06:55.779 | INFO     | __main__:main:212 - 
#####################################
2025-08-30 22:06:55 | INFO | __main__:213 | # Completed execution of main()
2025-08-30 22:06:55.780 | INFO     | __main__:main:213 - # Completed execution of main()
2025-08-30 22:06:55 | INFO | __main__:214 | #####################################
2025-08-30 22:06:55.780 | INFO     | __main__:main:214 - #####################################
2025-08-30 22:14:35 | INFO | utils_kristinesteele:48 | Logger loaded.
2025-08-30 22:14:35 | INFO | __main__:35 | Logger loaded.
2025-08-30 22:14:35.720 | INFO     | __main__:<module>:35 - Logger loaded.
2025-08-30 22:14:35 | INFO | __main__:190 | #####################################
2025-08-30 22:14:35.721 | INFO     | __main__:main:190 - #####################################
2025-08-30 22:14:35 | INFO | __main__:191 | # Starting execution of main()
2025-08-30 22:14:35.721 | INFO     | __main__:main:191 - # Starting execution of main()
2025-08-30 22:14:35 | INFO | __main__:192 | #####################################

2025-08-30 22:14:35.721 | INFO     | __main__:main:192 - #####################################

2025-08-30 22:14:35 | INFO | __main__:193 | Byline: 
**********************************************************
DataLight — Project Header
**********************************************************
Author:                     Kristine Steele
Motto:                      Clean and Precise, From Data to Advice.
Location:                   Lees Summit, Missouri
Office Locations:           ['Lenexa', 'Leawood', 'Overland Park', 'Kansas City', 'Olathe']
Count of Locations:         5
Years Active:               5
Number of Employees:        25
Accepting New Clients?:     True
Remote Workshops?:          True
Services:                   ['Data Analysis', 'Machine Learning', 'Business Intelligence']
Client Satisfaction Scores: [4.8, 4.6, 4.9, 5.0, 4.7]
Minimum Satisfaction Score: 4.6
Maximum Satisfaction Score: 5.0
Mean Satisfaction Score:    4.80
     Standard Deviation:    0.16
**********************************************************

2025-08-30 22:14:35.722 | INFO     | __main__:main:193 - Byline: 
**********************************************************
DataLight — Project Header
**********************************************************
Author:                     Kristine Steele
Motto:                      Clean and Precise, From Data to Advice.
Location:                   Lees Summit, Missouri
Office Locations:           ['Lenexa', 'Leawood', 'Overland Park', 'Kansas City', 'Olathe']
Count of Locations:         5
Years Active:               5
Number of Employees:        25
Accepting New Clients?:     True
Remote Workshops?:          True
Services:                   ['Data Analysis', 'Machine Learning', 'Business Intelligence']
Client Satisfaction Scores: [4.8, 4.6, 4.9, 5.0, 4.7]
Minimum Satisfaction Score: 4.6
Maximum Satisfaction Score: 5.0
Mean Satisfaction Score:    4.80
     Standard Deviation:    0.16
**********************************************************

2025-08-30 22:14:35 | INFO | __main__:71 | FUNCTION: create_folders_for_range()
2025-08-30 22:14:35.722 | INFO     | __main__:create_folders_for_range:71 - FUNCTION: create_folders_for_range()
2025-08-30 22:14:35 | INFO | __main__:72 | PARAMETERS: start_year = 2020, end_year = 2023
2025-08-30 22:14:35.723 | INFO     | __main__:create_folders_for_range:72 - PARAMETERS: start_year = 2020, end_year = 2023
2025-08-30 22:14:35 | INFO | __main__:77 | Created folder: C:\Repos\datafun-02-automation\2020
2025-08-30 22:14:35.723 | INFO     | __main__:create_folders_for_range:77 - Created folder: C:\Repos\datafun-02-automation\2020
2025-08-30 22:14:35 | INFO | __main__:77 | Created folder: C:\Repos\datafun-02-automation\2021
2025-08-30 22:14:35.724 | INFO     | __main__:create_folders_for_range:77 - Created folder: C:\Repos\datafun-02-automation\2021
2025-08-30 22:14:35 | INFO | __main__:77 | Created folder: C:\Repos\datafun-02-automation\2022
2025-08-30 22:14:35.724 | INFO     | __main__:create_folders_for_range:77 - Created folder: C:\Repos\datafun-02-automation\2022
2025-08-30 22:14:35 | INFO | __main__:77 | Created folder: C:\Repos\datafun-02-automation\2023
2025-08-30 22:14:35.725 | INFO     | __main__:create_folders_for_range:77 - Created folder: C:\Repos\datafun-02-automation\2023
2025-08-30 22:14:35 | INFO | __main__:97 | FUNCTION: create_folders_from_list()
2025-08-30 22:14:35.725 | INFO     | __main__:create_folders_from_list:97 - FUNCTION: create_folders_from_list()
2025-08-30 22:14:35 | INFO | __main__:98 | PARAMETER: folder_list = ['data-csv', 'data-excel', 'data-json']
2025-08-30 22:14:35.725 | INFO     | __main__:create_folders_from_list:98 - PARAMETER: folder_list = ['data-csv', 'data-excel', 'data-json']
2025-08-30 22:14:35 | INFO | __main__:103 | Created folder: C:\Repos\datafun-02-automation\data-csv
2025-08-30 22:14:35.726 | INFO     | __main__:create_folders_from_list:103 - Created folder: C:\Repos\datafun-02-automation\data-csv
2025-08-30 22:14:35 | INFO | __main__:103 | Created folder: C:\Repos\datafun-02-automation\data-excel
2025-08-30 22:14:35.726 | INFO     | __main__:create_folders_from_list:103 - Created folder: C:\Repos\datafun-02-automation\data-excel
2025-08-30 22:14:35 | INFO | __main__:103 | Created folder: C:\Repos\datafun-02-automation\data-json
2025-08-30 22:14:35.727 | INFO     | __main__:create_folders_from_list:103 - Created folder: C:\Repos\datafun-02-automation\data-json
2025-08-30 22:14:35 | INFO | __main__:125 | FUNCTION: create_prefixed_folders()
2025-08-30 22:14:35.727 | INFO     | __main__:create_prefixed_folders_using_list_comprehension:125 - FUNCTION: create_prefixed_folders()
2025-08-30 22:14:35 | INFO | __main__:126 | PARAMETERS: folder_list = ['csv', 'excel', 'json'], prefix = output-
2025-08-30 22:14:35.727 | INFO     | __main__:create_prefixed_folders_using_list_comprehension:126 - PARAMETERS: folder_list = ['csv', 'excel', 'json'], prefix = output-
2025-08-30 22:14:35 | INFO | __main__:132 | Created folder: C:\Repos\datafun-02-automation\output-csv
2025-08-30 22:14:35.728 | INFO     | __main__:create_prefixed_folders_using_list_comprehension:132 - Created folder: C:\Repos\datafun-02-automation\output-csv
2025-08-30 22:14:35 | INFO | __main__:132 | Created folder: C:\Repos\datafun-02-automation\output-excel
2025-08-30 22:14:35.730 | INFO     | __main__:create_prefixed_folders_using_list_comprehension:132 - Created folder: C:\Repos\datafun-02-automation\output-excel
2025-08-30 22:14:35 | INFO | __main__:132 | Created folder: C:\Repos\datafun-02-automation\output-json
2025-08-30 22:14:35.731 | INFO     | __main__:create_prefixed_folders_using_list_comprehension:132 - Created folder: C:\Repos\datafun-02-automation\output-json
2025-08-30 22:14:35 | INFO | __main__:150 | FUNCTION: create_folders_periodically()
2025-08-30 22:14:35.732 | INFO     | __main__:create_folders_periodically:150 - FUNCTION: create_folders_periodically()
2025-08-30 22:14:35 | INFO | __main__:151 | PARAMETER: duration_seconds = 5
2025-08-30 22:14:35.732 | INFO     | __main__:create_folders_periodically:151 - PARAMETER: duration_seconds = 5
2025-08-30 22:14:35 | INFO | __main__:178 | FUNCTION: create_standardized_folders()
2025-08-30 22:14:35.732 | INFO     | __main__:create_standardized_folders:178 - FUNCTION: create_standardized_folders()
2025-08-30 22:14:35 | INFO | __main__:179 | PARAMETERS: folder_list = ['North America', 'South America', 'Europe', 'Asia', 'Africa', 'Oceania', 'Middle East'], to_lowercase = True, remove_spaces = True
2025-08-30 22:14:35.732 | INFO     | __main__:create_standardized_folders:179 - PARAMETERS: folder_list = ['North America', 'South America', 'Europe', 'Asia', 'Africa', 'Oceania', 'Middle East'], to_lowercase = True, remove_spaces = True
2025-08-30 22:14:35 | INFO | __main__:214 | 
#####################################
2025-08-30 22:14:35.733 | INFO     | __main__:main:214 - 
#####################################
2025-08-30 22:14:35 | INFO | __main__:215 | # Completed execution of main()
2025-08-30 22:14:35.733 | INFO     | __main__:main:215 - # Completed execution of main()
2025-08-30 22:14:35 | INFO | __main__:216 | #####################################
2025-08-30 22:14:35.733 | INFO     | __main__:main:216 - #####################################
2025-08-30 22:28:56 | INFO | utils_kristinesteele:48 | Logger loaded.
2025-08-30 22:28:56 | INFO | __main__:36 | Logger loaded.
2025-08-30 22:28:56.058 | INFO     | __main__:<module>:36 - Logger loaded.
2025-08-30 22:28:56 | INFO | __main__:194 | #####################################
2025-08-30 22:28:56.058 | INFO     | __main__:main:194 - #####################################
2025-08-30 22:28:56 | INFO | __main__:195 | # Starting execution of main()
2025-08-30 22:28:56.059 | INFO     | __main__:main:195 - # Starting execution of main()
2025-08-30 22:28:56 | INFO | __main__:196 | #####################################

2025-08-30 22:28:56.059 | INFO     | __main__:main:196 - #####################################

2025-08-30 22:28:56 | INFO | __main__:197 | Byline: 
**********************************************************
DataLight — Project Header
**********************************************************
Author:                     Kristine Steele
Motto:                      Clean and Precise, From Data to Advice.
Location:                   Lees Summit, Missouri
Office Locations:           ['Lenexa', 'Leawood', 'Overland Park', 'Kansas City', 'Olathe']
Count of Locations:         5
Years Active:               5
Number of Employees:        25
Accepting New Clients?:     True
Remote Workshops?:          True
Services:                   ['Data Analysis', 'Machine Learning', 'Business Intelligence']
Client Satisfaction Scores: [4.8, 4.6, 4.9, 5.0, 4.7]
Minimum Satisfaction Score: 4.6
Maximum Satisfaction Score: 5.0
Mean Satisfaction Score:    4.80
     Standard Deviation:    0.16
**********************************************************

2025-08-30 22:28:56.059 | INFO     | __main__:main:197 - Byline: 
**********************************************************
DataLight — Project Header
**********************************************************
Author:                     Kristine Steele
Motto:                      Clean and Precise, From Data to Advice.
Location:                   Lees Summit, Missouri
Office Locations:           ['Lenexa', 'Leawood', 'Overland Park', 'Kansas City', 'Olathe']
Count of Locations:         5
Years Active:               5
Number of Employees:        25
Accepting New Clients?:     True
Remote Workshops?:          True
Services:                   ['Data Analysis', 'Machine Learning', 'Business Intelligence']
Client Satisfaction Scores: [4.8, 4.6, 4.9, 5.0, 4.7]
Minimum Satisfaction Score: 4.6
Maximum Satisfaction Score: 5.0
Mean Satisfaction Score:    4.80
     Standard Deviation:    0.16
**********************************************************

2025-08-30 22:28:56 | INFO | __main__:72 | FUNCTION: create_folders_for_range()
2025-08-30 22:28:56.059 | INFO     | __main__:create_folders_for_range:72 - FUNCTION: create_folders_for_range()
2025-08-30 22:28:56 | INFO | __main__:73 | PARAMETERS: start_year = 2020, end_year = 2023
2025-08-30 22:28:56.060 | INFO     | __main__:create_folders_for_range:73 - PARAMETERS: start_year = 2020, end_year = 2023
2025-08-30 22:28:56 | INFO | __main__:78 | Created folder: C:\Repos\datafun-02-automation\2020
2025-08-30 22:28:56.060 | INFO     | __main__:create_folders_for_range:78 - Created folder: C:\Repos\datafun-02-automation\2020
2025-08-30 22:28:56 | INFO | __main__:78 | Created folder: C:\Repos\datafun-02-automation\2021
2025-08-30 22:28:56.061 | INFO     | __main__:create_folders_for_range:78 - Created folder: C:\Repos\datafun-02-automation\2021
2025-08-30 22:28:56 | INFO | __main__:78 | Created folder: C:\Repos\datafun-02-automation\2022
2025-08-30 22:28:56.061 | INFO     | __main__:create_folders_for_range:78 - Created folder: C:\Repos\datafun-02-automation\2022
2025-08-30 22:28:56 | INFO | __main__:78 | Created folder: C:\Repos\datafun-02-automation\2023
2025-08-30 22:28:56.062 | INFO     | __main__:create_folders_for_range:78 - Created folder: C:\Repos\datafun-02-automation\2023
2025-08-30 22:28:56 | INFO | __main__:98 | FUNCTION: create_folders_from_list()
2025-08-30 22:28:56.062 | INFO     | __main__:create_folders_from_list:98 - FUNCTION: create_folders_from_list()
2025-08-30 22:28:56 | INFO | __main__:99 | PARAMETER: folder_list = ['data-csv', 'data-excel', 'data-json']
2025-08-30 22:28:56.062 | INFO     | __main__:create_folders_from_list:99 - PARAMETER: folder_list = ['data-csv', 'data-excel', 'data-json']
2025-08-30 22:28:56 | INFO | __main__:104 | Created folder: C:\Repos\datafun-02-automation\data-csv
2025-08-30 22:28:56.063 | INFO     | __main__:create_folders_from_list:104 - Created folder: C:\Repos\datafun-02-automation\data-csv
2025-08-30 22:28:56 | INFO | __main__:104 | Created folder: C:\Repos\datafun-02-automation\data-excel
2025-08-30 22:28:56.063 | INFO     | __main__:create_folders_from_list:104 - Created folder: C:\Repos\datafun-02-automation\data-excel
2025-08-30 22:28:56 | INFO | __main__:104 | Created folder: C:\Repos\datafun-02-automation\data-json
2025-08-30 22:28:56.063 | INFO     | __main__:create_folders_from_list:104 - Created folder: C:\Repos\datafun-02-automation\data-json
2025-08-30 22:28:56 | INFO | __main__:126 | FUNCTION: create_prefixed_folders()
2025-08-30 22:28:56.064 | INFO     | __main__:create_prefixed_folders_using_list_comprehension:126 - FUNCTION: create_prefixed_folders()
2025-08-30 22:28:56 | INFO | __main__:127 | PARAMETERS: folder_list = ['csv', 'excel', 'json'], prefix = output-
2025-08-30 22:28:56.064 | INFO     | __main__:create_prefixed_folders_using_list_comprehension:127 - PARAMETERS: folder_list = ['csv', 'excel', 'json'], prefix = output-
2025-08-30 22:28:56 | INFO | __main__:133 | Created folder: C:\Repos\datafun-02-automation\output-csv
2025-08-30 22:28:56.064 | INFO     | __main__:create_prefixed_folders_using_list_comprehension:133 - Created folder: C:\Repos\datafun-02-automation\output-csv
2025-08-30 22:28:56 | INFO | __main__:133 | Created folder: C:\Repos\datafun-02-automation\output-excel
2025-08-30 22:28:56.064 | INFO     | __main__:create_prefixed_folders_using_list_comprehension:133 - Created folder: C:\Repos\datafun-02-automation\output-excel
2025-08-30 22:28:56 | INFO | __main__:133 | Created folder: C:\Repos\datafun-02-automation\output-json
2025-08-30 22:28:56.065 | INFO     | __main__:create_prefixed_folders_using_list_comprehension:133 - Created folder: C:\Repos\datafun-02-automation\output-json
2025-08-30 22:28:56 | INFO | __main__:151 | FUNCTION: create_folders_periodically()
2025-08-30 22:28:56.065 | INFO     | __main__:create_folders_periodically:151 - FUNCTION: create_folders_periodically()
2025-08-30 22:28:56 | INFO | __main__:152 | PARAMETER: duration_seconds = 5
2025-08-30 22:28:56.065 | INFO     | __main__:create_folders_periodically:152 - PARAMETER: duration_seconds = 5
2025-08-30 22:28:56 | INFO | __main__:159 | Created folder: C:\Repos\datafun-02-automation\periodic_folder_1
2025-08-30 22:28:56.066 | INFO     | __main__:create_folders_periodically:159 - Created folder: C:\Repos\datafun-02-automation\periodic_folder_1
2025-08-30 22:28:56 | INFO | __main__:161 | Waiting 5 seconds before creating next folder...
2025-08-30 22:28:56.066 | INFO     | __main__:create_folders_periodically:161 - Waiting 5 seconds before creating next folder...
2025-08-30 22:29:01 | INFO | __main__:159 | Created folder: C:\Repos\datafun-02-automation\periodic_folder_2
2025-08-30 22:29:01.069 | INFO     | __main__:create_folders_periodically:159 - Created folder: C:\Repos\datafun-02-automation\periodic_folder_2
2025-08-30 22:29:01 | INFO | __main__:161 | Waiting 5 seconds before creating next folder...
2025-08-30 22:29:01.069 | INFO     | __main__:create_folders_periodically:161 - Waiting 5 seconds before creating next folder...
2025-08-30 22:29:06 | INFO | __main__:159 | Created folder: C:\Repos\datafun-02-automation\periodic_folder_3
2025-08-30 22:29:06.072 | INFO     | __main__:create_folders_periodically:159 - Created folder: C:\Repos\datafun-02-automation\periodic_folder_3
2025-08-30 22:29:06 | INFO | __main__:161 | Waiting 5 seconds before creating next folder...
2025-08-30 22:29:06.072 | INFO     | __main__:create_folders_periodically:161 - Waiting 5 seconds before creating next folder...
2025-08-30 22:29:11 | INFO | __main__:159 | Created folder: C:\Repos\datafun-02-automation\periodic_folder_4
2025-08-30 22:29:11.074 | INFO     | __main__:create_folders_periodically:159 - Created folder: C:\Repos\datafun-02-automation\periodic_folder_4
2025-08-30 22:29:11 | INFO | __main__:161 | Waiting 5 seconds before creating next folder...
2025-08-30 22:29:11.075 | INFO     | __main__:create_folders_periodically:161 - Waiting 5 seconds before creating next folder...
2025-08-30 22:29:16 | INFO | __main__:159 | Created folder: C:\Repos\datafun-02-automation\periodic_folder_5
2025-08-30 22:29:16.076 | INFO     | __main__:create_folders_periodically:159 - Created folder: C:\Repos\datafun-02-automation\periodic_folder_5
2025-08-30 22:29:16 | INFO | __main__:182 | FUNCTION: create_standardized_folders()
2025-08-30 22:29:16.077 | INFO     | __main__:create_standardized_folders:182 - FUNCTION: create_standardized_folders()
2025-08-30 22:29:16 | INFO | __main__:183 | PARAMETERS: folder_list = ['North America', 'South America', 'Europe', 'Asia', 'Africa', 'Oceania', 'Middle East'], to_lowercase = True, remove_spaces = True
2025-08-30 22:29:16.077 | INFO     | __main__:create_standardized_folders:183 - PARAMETERS: folder_list = ['North America', 'South America', 'Europe', 'Asia', 'Africa', 'Oceania', 'Middle East'], to_lowercase = True, remove_spaces = True
2025-08-30 22:29:16 | INFO | __main__:218 | 
#####################################
2025-08-30 22:29:16.078 | INFO     | __main__:main:218 - 
#####################################
2025-08-30 22:29:16 | INFO | __main__:219 | # Completed execution of main()
2025-08-30 22:29:16.078 | INFO     | __main__:main:219 - # Completed execution of main()
2025-08-30 22:29:16 | INFO | __main__:220 | #####################################
2025-08-30 22:29:16.078 | INFO     | __main__:main:220 - #####################################
2025-08-30 22:32:56 | INFO | utils_kristinesteele:48 | Logger loaded.
2025-08-30 22:32:56 | INFO | __main__:36 | Logger loaded.
2025-08-30 22:32:56.643 | INFO     | __main__:<module>:36 - Logger loaded.
2025-08-30 22:32:56 | INFO | __main__:194 | #####################################
2025-08-30 22:32:56.644 | INFO     | __main__:main:194 - #####################################
2025-08-30 22:32:56 | INFO | __main__:195 | # Starting execution of main()
2025-08-30 22:32:56.644 | INFO     | __main__:main:195 - # Starting execution of main()
2025-08-30 22:32:56 | INFO | __main__:196 | #####################################

2025-08-30 22:32:56.644 | INFO     | __main__:main:196 - #####################################

2025-08-30 22:32:56 | INFO | __main__:197 | Byline: 
**********************************************************
DataLight — Project Header
**********************************************************
Author:                     Kristine Steele
Motto:                      Clean and Precise, From Data to Advice.
Location:                   Lees Summit, Missouri
Office Locations:           ['Lenexa', 'Leawood', 'Overland Park', 'Kansas City', 'Olathe']
Count of Locations:         5
Years Active:               5
Number of Employees:        25
Accepting New Clients?:     True
Remote Workshops?:          True
Services:                   ['Data Analysis', 'Machine Learning', 'Business Intelligence']
Client Satisfaction Scores: [4.8, 4.6, 4.9, 5.0, 4.7]
Minimum Satisfaction Score: 4.6
Maximum Satisfaction Score: 5.0
Mean Satisfaction Score:    4.80
     Standard Deviation:    0.16
**********************************************************

2025-08-30 22:32:56.644 | INFO     | __main__:main:197 - Byline: 
**********************************************************
DataLight — Project Header
**********************************************************
Author:                     Kristine Steele
Motto:                      Clean and Precise, From Data to Advice.
Location:                   Lees Summit, Missouri
Office Locations:           ['Lenexa', 'Leawood', 'Overland Park', 'Kansas City', 'Olathe']
Count of Locations:         5
Years Active:               5
Number of Employees:        25
Accepting New Clients?:     True
Remote Workshops?:          True
Services:                   ['Data Analysis', 'Machine Learning', 'Business Intelligence']
Client Satisfaction Scores: [4.8, 4.6, 4.9, 5.0, 4.7]
Minimum Satisfaction Score: 4.6
Maximum Satisfaction Score: 5.0
Mean Satisfaction Score:    4.80
     Standard Deviation:    0.16
**********************************************************

2025-08-30 22:32:56 | INFO | __main__:72 | FUNCTION: create_folders_for_range()
2025-08-30 22:32:56.645 | INFO     | __main__:create_folders_for_range:72 - FUNCTION: create_folders_for_range()
2025-08-30 22:32:56 | INFO | __main__:73 | PARAMETERS: start_year = 2020, end_year = 2023
2025-08-30 22:32:56.645 | INFO     | __main__:create_folders_for_range:73 - PARAMETERS: start_year = 2020, end_year = 2023
2025-08-30 22:32:56 | INFO | __main__:78 | Created folder: C:\Repos\datafun-02-automation\2020
2025-08-30 22:32:56.645 | INFO     | __main__:create_folders_for_range:78 - Created folder: C:\Repos\datafun-02-automation\2020
2025-08-30 22:32:56 | INFO | __main__:78 | Created folder: C:\Repos\datafun-02-automation\2021
2025-08-30 22:32:56.646 | INFO     | __main__:create_folders_for_range:78 - Created folder: C:\Repos\datafun-02-automation\2021
2025-08-30 22:32:56 | INFO | __main__:78 | Created folder: C:\Repos\datafun-02-automation\2022
2025-08-30 22:32:56.646 | INFO     | __main__:create_folders_for_range:78 - Created folder: C:\Repos\datafun-02-automation\2022
2025-08-30 22:32:56 | INFO | __main__:78 | Created folder: C:\Repos\datafun-02-automation\2023
2025-08-30 22:32:56.647 | INFO     | __main__:create_folders_for_range:78 - Created folder: C:\Repos\datafun-02-automation\2023
2025-08-30 22:32:56 | INFO | __main__:98 | FUNCTION: create_folders_from_list()
2025-08-30 22:32:56.647 | INFO     | __main__:create_folders_from_list:98 - FUNCTION: create_folders_from_list()
2025-08-30 22:32:56 | INFO | __main__:99 | PARAMETER: folder_list = ['data-csv', 'data-excel', 'data-json']
2025-08-30 22:32:56.647 | INFO     | __main__:create_folders_from_list:99 - PARAMETER: folder_list = ['data-csv', 'data-excel', 'data-json']
2025-08-30 22:32:56 | INFO | __main__:104 | Created folder: C:\Repos\datafun-02-automation\data-csv
2025-08-30 22:32:56.648 | INFO     | __main__:create_folders_from_list:104 - Created folder: C:\Repos\datafun-02-automation\data-csv
2025-08-30 22:32:56 | INFO | __main__:104 | Created folder: C:\Repos\datafun-02-automation\data-excel
2025-08-30 22:32:56.648 | INFO     | __main__:create_folders_from_list:104 - Created folder: C:\Repos\datafun-02-automation\data-excel
2025-08-30 22:32:56 | INFO | __main__:104 | Created folder: C:\Repos\datafun-02-automation\data-json
2025-08-30 22:32:56.649 | INFO     | __main__:create_folders_from_list:104 - Created folder: C:\Repos\datafun-02-automation\data-json
2025-08-30 22:32:56 | INFO | __main__:126 | FUNCTION: create_prefixed_folders()
2025-08-30 22:32:56.649 | INFO     | __main__:create_prefixed_folders_using_list_comprehension:126 - FUNCTION: create_prefixed_folders()
2025-08-30 22:32:56 | INFO | __main__:127 | PARAMETERS: folder_list = ['csv', 'excel', 'json'], prefix = output-
2025-08-30 22:32:56.649 | INFO     | __main__:create_prefixed_folders_using_list_comprehension:127 - PARAMETERS: folder_list = ['csv', 'excel', 'json'], prefix = output-
2025-08-30 22:32:56 | INFO | __main__:133 | Created folder: C:\Repos\datafun-02-automation\output-csv
2025-08-30 22:32:56.651 | INFO     | __main__:create_prefixed_folders_using_list_comprehension:133 - Created folder: C:\Repos\datafun-02-automation\output-csv
2025-08-30 22:32:56 | INFO | __main__:133 | Created folder: C:\Repos\datafun-02-automation\output-excel
2025-08-30 22:32:56.652 | INFO     | __main__:create_prefixed_folders_using_list_comprehension:133 - Created folder: C:\Repos\datafun-02-automation\output-excel
2025-08-30 22:32:56 | INFO | __main__:133 | Created folder: C:\Repos\datafun-02-automation\output-json
2025-08-30 22:32:56.652 | INFO     | __main__:create_prefixed_folders_using_list_comprehension:133 - Created folder: C:\Repos\datafun-02-automation\output-json
2025-08-30 22:32:56 | INFO | __main__:151 | FUNCTION: create_folders_periodically()
2025-08-30 22:32:56.653 | INFO     | __main__:create_folders_periodically:151 - FUNCTION: create_folders_periodically()
2025-08-30 22:32:56 | INFO | __main__:152 | PARAMETER: duration_seconds = 5
2025-08-30 22:32:56.653 | INFO     | __main__:create_folders_periodically:152 - PARAMETER: duration_seconds = 5
2025-08-30 22:32:56 | INFO | __main__:159 | Created folder: C:\Repos\datafun-02-automation\periodic_folder_1
2025-08-30 22:32:56.654 | INFO     | __main__:create_folders_periodically:159 - Created folder: C:\Repos\datafun-02-automation\periodic_folder_1
2025-08-30 22:32:56 | INFO | __main__:161 | Waiting 5 seconds before creating next folder...
2025-08-30 22:32:56.656 | INFO     | __main__:create_folders_periodically:161 - Waiting 5 seconds before creating next folder...
2025-08-30 22:33:01 | INFO | __main__:159 | Created folder: C:\Repos\datafun-02-automation\periodic_folder_2
2025-08-30 22:33:01.658 | INFO     | __main__:create_folders_periodically:159 - Created folder: C:\Repos\datafun-02-automation\periodic_folder_2
2025-08-30 22:33:01 | INFO | __main__:161 | Waiting 5 seconds before creating next folder...
2025-08-30 22:33:01.659 | INFO     | __main__:create_folders_periodically:161 - Waiting 5 seconds before creating next folder...
2025-08-30 22:33:06 | INFO | __main__:159 | Created folder: C:\Repos\datafun-02-automation\periodic_folder_3
2025-08-30 22:33:06.661 | INFO     | __main__:create_folders_periodically:159 - Created folder: C:\Repos\datafun-02-automation\periodic_folder_3
2025-08-30 22:33:06 | INFO | __main__:161 | Waiting 5 seconds before creating next folder...
2025-08-30 22:33:06.662 | INFO     | __main__:create_folders_periodically:161 - Waiting 5 seconds before creating next folder...
2025-08-30 22:33:11 | INFO | __main__:159 | Created folder: C:\Repos\datafun-02-automation\periodic_folder_4
2025-08-30 22:33:11.664 | INFO     | __main__:create_folders_periodically:159 - Created folder: C:\Repos\datafun-02-automation\periodic_folder_4
2025-08-30 22:33:11 | INFO | __main__:161 | Waiting 5 seconds before creating next folder...
2025-08-30 22:33:11.665 | INFO     | __main__:create_folders_periodically:161 - Waiting 5 seconds before creating next folder...
2025-08-30 22:33:16 | INFO | __main__:159 | Created folder: C:\Repos\datafun-02-automation\periodic_folder_5
2025-08-30 22:33:16.666 | INFO     | __main__:create_folders_periodically:159 - Created folder: C:\Repos\datafun-02-automation\periodic_folder_5
2025-08-30 22:33:16 | INFO | __main__:182 | FUNCTION: create_standardized_folders()
2025-08-30 22:33:16.667 | INFO     | __main__:create_standardized_folders:182 - FUNCTION: create_standardized_folders()
2025-08-30 22:33:16 | INFO | __main__:183 | PARAMETERS: folder_list = ['North America', 'South America', 'Europe', 'Asia', 'Africa', 'Oceania', 'Middle East'], to_lowercase = True, remove_spaces = True
2025-08-30 22:33:16.668 | INFO     | __main__:create_standardized_folders:183 - PARAMETERS: folder_list = ['North America', 'South America', 'Europe', 'Asia', 'Africa', 'Oceania', 'Middle East'], to_lowercase = True, remove_spaces = True
2025-08-30 22:33:16 | INFO | __main__:218 | 
#####################################
2025-08-30 22:33:16.668 | INFO     | __main__:main:218 - 
#####################################
2025-08-30 22:33:16 | INFO | __main__:219 | # Completed execution of main()
2025-08-30 22:33:16.668 | INFO     | __main__:main:219 - # Completed execution of main()
2025-08-30 22:33:16 | INFO | __main__:220 | #####################################
2025-08-30 22:33:16.669 | INFO     | __main__:main:220 - #####################################
